<?xml version="1.0" encoding="UTF-8"?>
<testng-results skipped="0" failed="1" total="2" passed="1">
  <reporter-output>
    <line>
      <![CDATA[### BROWSER SELECTING ANS LAUNCHING ###]]>
    </line>
    <line>
      <![CDATA[#### BROWSER SETUP CLASS ####]]>
    </line>
    <line>
      <![CDATA[#### CHROMEDRIVER BROWSER SETUP ####]]>
    </line>
    <line>
      <![CDATA[###  LAUNCHING EMAILSIGNUP PAGE ###]]>
    </line>
    <line>
      <![CDATA[###  LAUNCHING MAINPAGE]]>
    </line>
    <line>
      <![CDATA[###  LAUNCHING SIGNUP PAGE ###]]>
    </line>
  </reporter-output>
  <suite name="Default suite" duration-ms="20962" started-at="2017-04-06T06:32:41Z" finished-at="2017-04-06T06:33:02Z">
    <groups>
    </groups>
    <test name="Default test" duration-ms="20962" started-at="2017-04-06T06:32:41Z" finished-at="2017-04-06T06:33:02Z">
      <class name="com.automation.framework.testing.Testing">
        <test-method status="PASS" signature="loadDriver()[pri:0, instance:com.automation.framework.testing.Testing@457e2f02]" name="loadDriver" is-config="true" duration-ms="1217" started-at="2017-04-06T12:02:41Z" finished-at="2017-04-06T12:02:42Z">
          <reporter-output>
            <line>
              <![CDATA[### BROWSER SELECTING ANS LAUNCHING ###]]>
            </line>
            <line>
              <![CDATA[#### BROWSER SETUP CLASS ####]]>
            </line>
            <line>
              <![CDATA[#### CHROMEDRIVER BROWSER SETUP ####]]>
            </line>
          </reporter-output>
        </test-method> <!-- loadDriver -->
        <test-method status="FAIL" signature="SignUp()[pri:0, instance:com.automation.framework.testing.Testing@457e2f02]" name="SignUp" duration-ms="9" started-at="2017-04-06T12:02:42Z" finished-at="2017-04-06T12:02:42Z">
          <exception class="java.lang.IllegalArgumentException">
            <message>
              <![CDATA[Cannot find elements when the selector is null]]>
            </message>
            <full-stacktrace>
              <![CDATA[java.lang.IllegalArgumentException: Cannot find elements when the selector is null
	at org.openqa.selenium.By.cssSelector(By.java:145)
	at com.automation.framework.emailsigninpage.EmailSignInPage.enterEmail(EmailSignInPage.java:42)
	at com.automation.framework.emailsigninpage.EmailSignInPage.emailSignIn(EmailSignInPage.java:36)
	at com.automation.framework.testing.Testing.SignUp(Testing.java:43)
	at sun.reflect.NativeMethodAccessorImpl.invoke0(Native Method)
	at sun.reflect.NativeMethodAccessorImpl.invoke(NativeMethodAccessorImpl.java:62)
	at sun.reflect.DelegatingMethodAccessorImpl.invoke(DelegatingMethodAccessorImpl.java:43)
	at java.lang.reflect.Method.invoke(Method.java:498)
	at org.testng.internal.MethodInvocationHelper.invokeMethod(MethodInvocationHelper.java:80)
	at org.testng.internal.Invoker.invokeMethod(Invoker.java:714)
	at org.testng.internal.Invoker.invokeTestMethod(Invoker.java:901)
	at org.testng.internal.Invoker.invokeTestMethods(Invoker.java:1231)
	at org.testng.internal.TestMethodWorker.invokeTestMethods(TestMethodWorker.java:127)
	at org.testng.internal.TestMethodWorker.run(TestMethodWorker.java:111)
	at org.testng.TestRunner.privateRun(TestRunner.java:767)
	at org.testng.TestRunner.run(TestRunner.java:617)
	at org.testng.SuiteRunner.runTest(SuiteRunner.java:334)
	at org.testng.SuiteRunner.runSequentially(SuiteRunner.java:329)
	at org.testng.SuiteRunner.privateRun(SuiteRunner.java:291)
	at org.testng.SuiteRunner.run(SuiteRunner.java:240)
	at org.testng.SuiteRunnerWorker.runSuite(SuiteRunnerWorker.java:52)
	at org.testng.SuiteRunnerWorker.run(SuiteRunnerWorker.java:86)
	at org.testng.TestNG.runSuitesSequentially(TestNG.java:1198)
	at org.testng.TestNG.runSuitesLocally(TestNG.java:1123)
	at org.testng.TestNG.run(TestNG.java:1031)
	at org.testng.remote.AbstractRemoteTestNG.run(AbstractRemoteTestNG.java:132)
	at org.testng.remote.RemoteTestNG.initAndRun(RemoteTestNG.java:230)
	at org.testng.remote.RemoteTestNG.main(RemoteTestNG.java:76)
]]>
            </full-stacktrace>
          </exception> <!-- java.lang.IllegalArgumentException -->
          <reporter-output>
            <line>
              <![CDATA[###  LAUNCHING EMAILSIGNUP PAGE ###]]>
            </line>
          </reporter-output>
        </test-method> <!-- SignUp -->
        <test-method status="PASS" signature="mainPageOpen()[pri:0, instance:com.automation.framework.testing.Testing@457e2f02]" name="mainPageOpen" duration-ms="19713" started-at="2017-04-06T12:02:42Z" finished-at="2017-04-06T12:03:02Z">
          <reporter-output>
            <line>
              <![CDATA[###  LAUNCHING MAINPAGE]]>
            </line>
            <line>
              <![CDATA[###  LAUNCHING SIGNUP PAGE ###]]>
            </line>
          </reporter-output>
        </test-method> <!-- mainPageOpen -->
      </class> <!-- com.automation.framework.testing.Testing -->
    </test> <!-- Default test -->
  </suite> <!-- Default suite -->
</testng-results>
